<?xml version="1.0" encoding="UTF-8"?>
<testsuite name="OnlineshopApiTest" tests="6" skipped="0" failures="0" errors="0" timestamp="2021-04-26T11:14:50" hostname="DESKTOP-TA0M6GR" time="95.147">
  <properties/>
  <testcase name="createProduct_checkId_ShouldReturnNewProduct()" classname="OnlineshopApiTest" time="84.261">
    <system-out><![CDATA[16:45:20.863 - [OnlineshopApiClient] INFO  : Initiated petclinic.api.onlineshop.OnlineshopApiClient instance
amount : 100.00
name : SHUBHANGI
currency : INR
id : 71
16:45:22.166 - [ApiCaller] INFO  : Request:
Request URI:	http://petclinicapi.e46708b92c054086909b.eastus.aksapp.io/petclinic/api/shop/addtocart/
Body:
{"name":"SHUBHANGI","currency":"INR","id":"71","amount":"100.00","quantity":0}
16:45:35.722 - [ApiCaller] INFO  : Response:
HTTP/1.1 200 
{"id":71,"name":"SHUBHANGI","amount":100.00,"quantity":1,"currency":"INR"}
]]></system-out>
    <system-err><![CDATA[]]></system-err>
  </testcase>
  <testcase name="getProduct_DefaultLimit_ShouldReturn10Results()" classname="OnlineshopApiTest" time="1.514">
    <system-out><![CDATA[16:46:15.206 - [OnlineshopApiClient] INFO  : Initiated petclinic.api.onlineshop.OnlineshopApiClient instance
16:46:15.206 - [ApiCaller] INFO  : Request:
Request URI:	http://petclinicapi.e46708b92c054086909b.eastus.aksapp.io/petclinic/api/shop/getproducts
Body:			<none>
16:46:16.647 - [ApiCaller] INFO  : Response:
HTTP/1.1 200 
[{"id":1,"name":"Kennel Kitchen","amount":635.00,"currency":"$"},{"id":2,"name":"Velcote Liquid","amount":318.00,"currency":"$"},{"id":3,"name":"Pedigree PRO","amount":923.00,"currency":"$"},{"id":4,"name":"Velcote Premium","amount":318.00,"currency":"$"},{"id":5,"name":"Mantra Kismis","amount":63.00,"currency":"$"},{"id":6,"name":"Haldiram Noodles","amount":320.00,"currency":"$"},{"id":7,"name":"Bingo Mad Angles ","amount":912.00,"currency":"$"},{"id":8,"name":"Bikani Rasogolla","amount":318.00,"currency":"$"}]
The value at index 1Response{name='Kennel Kitchen', currency='$', id='1', quantity='0', amount='635.00'}
]]></system-out>
    <system-err><![CDATA[]]></system-err>
  </testcase>
  <testcase name="getServices_StatusCode()" classname="OnlineshopApiTest" time="2.091">
    <system-out><![CDATA[16:46:16.741 - [OnlineshopApiClient] INFO  : Initiated petclinic.api.onlineshop.OnlineshopApiClient instance
16:46:16.741 - [ApiCaller] INFO  : Request:
Request URI:	http://petclinicapi.e46708b92c054086909b.eastus.aksapp.io/petclinic/api/shop/getproducts
Body:			<none>
16:46:17.489 - [ApiCaller] INFO  : Response:
HTTP/1.1 200 
[{"id":1,"name":"Kennel Kitchen","amount":635.00,"currency":"$"},{"id":2,"name":"Velcote Liquid","amount":318.00,"currency":"$"},{"id":3,"name":"Pedigree PRO","amount":923.00,"currency":"$"},{"id":4,"name":"Velcote Premium","amount":318.00,"currency":"$"},{"id":5,"name":"Mantra Kismis","amount":63.00,"currency":"$"},{"id":6,"name":"Haldiram Noodles","amount":320.00,"currency":"$"},{"id":7,"name":"Bingo Mad Angles ","amount":912.00,"currency":"$"},{"id":8,"name":"Bikani Rasogolla","amount":318.00,"currency":"$"}]
]]></system-out>
    <system-err><![CDATA[]]></system-err>
  </testcase>
  <testcase name="deleteNewOwners_throughID_ShouldDisplayDeletedId()" classname="OnlineshopApiTest" time="1.215">
    <system-out><![CDATA[16:46:18.853 - [OnlineshopApiClient] INFO  : Initiated petclinic.api.onlineshop.OnlineshopApiClient instance
16:46:18.861 - [ApiCaller] INFO  : Request:
Request URI:	http://petclinicapi.e46708b92c054086909b.eastus.aksapp.io/petclinic/api/shop/addtocart/
Body:
{"name":"Shubhangi","currency":"INR","id":"61","amount":"100.00","quantity":0}
16:46:19.450 - [ApiCaller] INFO  : Response:
HTTP/1.1 200 
{"id":61,"name":"Shubhangi","amount":100.00,"quantity":1,"currency":"INR"}
16:46:19.459 - [OnlineshopApiClient] INFO  : Initiated petclinic.api.onlineshop.OnlineshopApiClient instance
16:46:19.460 - [ApiCaller] INFO  : Request:
Request URI:	http://petclinicapi.e46708b92c054086909b.eastus.aksapp.io/petclinic/api/shop/clearcart
Body:			<none>
16:46:20.037 - [ApiCaller] INFO  : Response:
HTTP/1.1 200 
Cart empty.
]]></system-out>
    <system-err><![CDATA[]]></system-err>
  </testcase>
  <testcase name="getServices_Header()" classname="OnlineshopApiTest" time="1.978">
    <system-out><![CDATA[16:46:20.074 - [OnlineshopApiClient] INFO  : Initiated petclinic.api.onlineshop.OnlineshopApiClient instance
16:46:20.075 - [ApiCaller] INFO  : Request:
Request URI:	http://petclinicapi.e46708b92c054086909b.eastus.aksapp.io/petclinic/api/shop/getproducts
Body:			<none>
16:46:20.655 - [ApiCaller] INFO  : Response:
HTTP/1.1 200 
[{"id":1,"name":"Kennel Kitchen","amount":635.00,"currency":"$"},{"id":2,"name":"Velcote Liquid","amount":318.00,"currency":"$"},{"id":3,"name":"Pedigree PRO","amount":923.00,"currency":"$"},{"id":4,"name":"Velcote Premium","amount":318.00,"currency":"$"},{"id":5,"name":"Mantra Kismis","amount":63.00,"currency":"$"},{"id":6,"name":"Haldiram Noodles","amount":320.00,"currency":"$"},{"id":7,"name":"Bingo Mad Angles ","amount":912.00,"currency":"$"},{"id":8,"name":"Bikani Rasogolla","amount":318.00,"currency":"$"}]
]]></system-out>
    <system-err><![CDATA[]]></system-err>
  </testcase>
  <testcase name="getOrdersSummary_fromCart()" classname="OnlineshopApiTest" time="4.012">
    <system-out><![CDATA[16:46:22.065 - [OnlineshopApiClient] INFO  : Initiated petclinic.api.onlineshop.OnlineshopApiClient instance
16:46:22.070 - [ApiCaller] INFO  : Request:
Request URI:	http://petclinicapi.e46708b92c054086909b.eastus.aksapp.io/petclinic/api/shop/addtocart
Body:
{"name":"TestOrderSummary","currency":"$","id":"4","amount":"500.00","quantity":0}
16:46:22.720 - [ApiCaller] INFO  : Response:
HTTP/1.1 200 
{"id":4,"name":"TestOrderSummary","amount":500.00,"quantity":1,"currency":"$"}
16:46:22.725 - [OnlineshopApiClient] INFO  : Initiated petclinic.api.onlineshop.OnlineshopApiClient instance
16:46:23.120 - [ApiCaller] INFO  : Request:
Request URI:	http://petclinicapi.e46708b92c054086909b.eastus.aksapp.io/petclinic/api/shop/ordersummary
Body:			<none>
16:46:23.738 - [ApiCaller] INFO  : Response:
HTTP/1.1 200 
{"cart":[{"id":4,"name":"TestOrderSummary","amount":500.00,"quantity":1,"currency":"$"}],"totalAmount":500.00}
]]></system-out>
    <system-err><![CDATA[]]></system-err>
  </testcase>
  <system-out><![CDATA[]]></system-out>
  <system-err><![CDATA[]]></system-err>
</testsuite>
