<?xml version="1.0" encoding="UTF-8"?>
<testsuite name="VetApiTest" tests="1" skipped="0" failures="0" errors="0" timestamp="2021-04-28T04:18:51" hostname="DESKTOP-TA0M6GR" time="23.391">
  <properties/>
  <testcase name="getVet_Details()" classname="VetApiTest" time="23.391">
    <system-out><![CDATA[09:49:02.812 - [VetApiClient] INFO  : Initiated petclinic.api.vet.VetApiClient instance
09:49:02.828 - [ApiCaller] INFO  : Request:
Request URI:	http://petclinicapi.e46708b92c054086909b.eastus.aksapp.io/petclinic/api/vets
Body:			<none>
09:49:09.201 - [ApiCaller] INFO  : Response:
HTTP/1.1 200 
[{"id":1,"firstName":"James","lastName":"Bamboo","specialties":[{"id":2,"name":"surgery"}]},{"id":2,"firstName":"Helen","lastName":"Leary","specialties":[{"id":1,"name":"radiology"}]},{"id":3,"firstName":"Linda","lastName":"Douglas","specialties":[{"id":3,"name":"dentistry"},{"id":2,"name":"surgery"}]},{"id":4,"firstName":"Rafael","lastName":"Ortega","specialties":[{"id":2,"name":"surgery"}]},{"id":5,"firstName":"Henry","lastName":"Stevens","specialties":[{"id":1,"name":"radiology"}]},{"id":8,"firstName":"jump","lastName":"high","specialties":[{"id":2,"name":"surgery"}]},{"id":14,"firstName":"Shital","lastName":"Gawande","specialties":[{"id":3,"name":"dentistry"}]},{"id":23,"firstName":"Shital","lastName":"G","specialties":[{"id":1,"name":"radiology"}]},{"id":24,"firstName":"Shital","lastName":"G","specialties":[{"id":1,"name":"radiology"}]},{"id":25,"firstName":"Shital","lastName":"gawande","specialties":[{"id":1,"name":"radiology"}]},{"id":26,"firstName":"Dr.Suman","lastName":"Babu","specialties":[{"id":2,"name":"surgery"}]},{"id":27,"firstName":"Dr.Suman","lastName":"Babu","specialties":[{"id":2,"name":"surgery"}]},{"id":28,"firstName":"Dr.Suman","lastName":"Babu","specialties":[{"id":2,"name":"surgery"}]},{"id":29,"firstName":"Dr.Suman","lastName":"Babu","specialties":[{"id":2,"name":"surgery"}]},{"id":30,"firstName":"Tapasya","lastName":"Kandekar","specialties":[{"id":1,"name":"radiology"}]}]
The value at index 1petclinic.api.vet.data.Response@30829425
]]></system-out>
    <system-err><![CDATA[]]></system-err>
  </testcase>
  <system-out><![CDATA[]]></system-out>
  <system-err><![CDATA[]]></system-err>
</testsuite>
